<?xml version="1.0" encoding="UTF-8"?>
<testng-results skipped="1" failed="0" ignored="0" total="6" passed="5">
  <reporter-output>
    <line>
      <![CDATA[Login succesfully executed]]>
    </line>
  </reporter-output>
  <suite name="Data Driven Basics" duration-ms="21717" started-at="2018-09-02T22:38:24Z" finished-at="2018-09-02T22:38:46Z">
    <groups>
    </groups>
    <test name="Bank Manager Login Test" duration-ms="4015" started-at="2018-09-02T22:38:24Z" finished-at="2018-09-02T22:38:28Z">
      <class name="com.w2a.testcases.BankManagerLoginTest">
        <test-method status="PASS" signature="bankManagerLoginTest()[pri:0, instance:com.w2a.testcases.BankManagerLoginTest@543588e6]" name="bankManagerLoginTest" duration-ms="3615" started-at="2018-09-02T22:38:24Z" finished-at="2018-09-02T22:38:28Z">
          <reporter-output>
            <line>
              <![CDATA[Login succesfully executed]]>
            </line>
          </reporter-output>
        </test-method> <!-- bankManagerLoginTest -->
      </class> <!-- com.w2a.testcases.BankManagerLoginTest -->
    </test> <!-- Bank Manager Login Test -->
    <test name="Add Customer Test" duration-ms="14342" started-at="2018-09-02T22:38:28Z" finished-at="2018-09-02T22:38:43Z">
      <class name="com.w2a.testcases.AddCustomerTest">
        <test-method status="PASS" signature="addCustomerTest(java.util.Hashtable)[pri:0, instance:com.w2a.testcases.AddCustomerTest@ffaa6af]" name="addCustomerTest" duration-ms="5100" started-at="2018-09-02T22:38:28Z" data-provider="dp" finished-at="2018-09-02T22:38:33Z">
          <params>
            <param index="0">
              <value>
                <![CDATA[{alerttext=Customer added successfully, postcode=shh6hsd, lastname=Yudin, runmode=Y, firstname=Andrey}]]>
              </value>
            </param>
          </params>
          <reporter-output>
          </reporter-output>
        </test-method> <!-- addCustomerTest -->
        <test-method status="PASS" signature="addCustomerTest(java.util.Hashtable)[pri:0, instance:com.w2a.testcases.AddCustomerTest@ffaa6af]" name="addCustomerTest" duration-ms="4530" started-at="2018-09-02T22:38:33Z" data-provider="dp" finished-at="2018-09-02T22:38:38Z">
          <params>
            <param index="0">
              <value>
                <![CDATA[{alerttext=Customer added successfully, postcode=shh6hsd, lastname=Smith, runmode=Y, firstname=Max}]]>
              </value>
            </param>
          </params>
          <reporter-output>
          </reporter-output>
        </test-method> <!-- addCustomerTest -->
        <test-method status="SKIP" signature="addCustomerTest(java.util.Hashtable)[pri:0, instance:com.w2a.testcases.AddCustomerTest@ffaa6af]" name="addCustomerTest" duration-ms="1" started-at="2018-09-02T22:38:38Z" data-provider="dp" finished-at="2018-09-02T22:38:38Z">
          <params>
            <param index="0">
              <value>
                <![CDATA[{alerttext=Customer added successfully, postcode=shh6hsd, lastname=Johnson, runmode=N, firstname=Fred}]]>
              </value>
            </param>
          </params>
          <exception class="org.testng.SkipException">
            <message>
              <![CDATA[Skipping the test case as the Run mode for data set is No]]>
            </message>
            <full-stacktrace>
              <![CDATA[org.testng.SkipException: Skipping the test case as the Run mode for data set is No
at com.w2a.testcases.AddCustomerTest.addCustomerTest(AddCustomerTest.java:21)
at sun.reflect.NativeMethodAccessorImpl.invoke0(Native Method)
at sun.reflect.NativeMethodAccessorImpl.invoke(NativeMethodAccessorImpl.java:62)
at sun.reflect.DelegatingMethodAccessorImpl.invoke(DelegatingMethodAccessorImpl.java:43)
at java.lang.reflect.Method.invoke(Method.java:498)
at org.testng.internal.MethodInvocationHelper.invokeMethod(MethodInvocationHelper.java:124)
at org.testng.internal.Invoker.invokeMethod(Invoker.java:583)
at org.testng.internal.Invoker.invokeTestMethod(Invoker.java:719)
at org.testng.internal.Invoker.invokeTestMethods(Invoker.java:989)
at org.testng.internal.TestMethodWorker.invokeTestMethods(TestMethodWorker.java:125)
at org.testng.internal.TestMethodWorker.run(TestMethodWorker.java:109)
at org.testng.TestRunner.privateRun(TestRunner.java:648)
at org.testng.TestRunner.run(TestRunner.java:505)
at org.testng.SuiteRunner.runTest(SuiteRunner.java:455)
at org.testng.SuiteRunner.runSequentially(SuiteRunner.java:450)
at org.testng.SuiteRunner.privateRun(SuiteRunner.java:415)
at org.testng.SuiteRunner.run(SuiteRunner.java:364)
at org.testng.SuiteRunnerWorker.runSuite(SuiteRunnerWorker.java:52)
at org.testng.SuiteRunnerWorker.run(SuiteRunnerWorker.java:84)
at org.testng.TestNG.runSuitesSequentially(TestNG.java:1208)
at org.testng.TestNG.runSuitesLocally(TestNG.java:1137)
at org.testng.TestNG.runSuites(TestNG.java:1049)
at org.testng.TestNG.run(TestNG.java:1017)
at org.apache.maven.surefire.testng.TestNGExecutor.run(TestNGExecutor.java:295)
at org.apache.maven.surefire.testng.TestNGXmlTestSuite.execute(TestNGXmlTestSuite.java:84)
at org.apache.maven.surefire.testng.TestNGProvider.invoke(TestNGProvider.java:90)
at org.apache.maven.surefire.booter.ForkedBooter.invokeProviderInSameClassLoader(ForkedBooter.java:203)
at org.apache.maven.surefire.booter.ForkedBooter.runSuitesInProcess(ForkedBooter.java:155)
at org.apache.maven.surefire.booter.ForkedBooter.main(ForkedBooter.java:103)
]]>
            </full-stacktrace>
          </exception> <!-- org.testng.SkipException -->
          <reporter-output>
          </reporter-output>
        </test-method> <!-- addCustomerTest -->
        <test-method status="PASS" signature="addCustomerTest(java.util.Hashtable)[pri:0, instance:com.w2a.testcases.AddCustomerTest@ffaa6af]" name="addCustomerTest" duration-ms="4418" started-at="2018-09-02T22:38:38Z" data-provider="dp" finished-at="2018-09-02T22:38:42Z">
          <params>
            <param index="0">
              <value>
                <![CDATA[{alerttext=Customer added successfully, postcode=shh6hsd, lastname=Blanche, runmode=Y, firstname=John}]]>
              </value>
            </param>
          </params>
          <reporter-output>
          </reporter-output>
        </test-method> <!-- addCustomerTest -->
      </class> <!-- com.w2a.testcases.AddCustomerTest -->
    </test> <!-- Add Customer Test -->
    <test name="Open Account Test" duration-ms="3318" started-at="2018-09-02T22:38:43Z" finished-at="2018-09-02T22:38:46Z">
      <class name="com.w2a.testcases.OpenAccountTest">
        <test-method status="PASS" signature="setUp()[pri:0, instance:com.w2a.testcases.OpenAccountTest@31fa1761]" name="setUp" is-config="true" duration-ms="6577" started-at="2018-09-02T22:38:18Z" finished-at="2018-09-02T22:38:24Z">
          <reporter-output>
          </reporter-output>
        </test-method> <!-- setUp -->
        <test-method status="PASS" signature="openAccountTest(java.util.Hashtable)[pri:0, instance:com.w2a.testcases.OpenAccountTest@31fa1761]" name="openAccountTest" duration-ms="3260" started-at="2018-09-02T22:38:43Z" data-provider="dp" finished-at="2018-09-02T22:38:46Z">
          <params>
            <param index="0">
              <value>
                <![CDATA[{currency=Dollar, runmode=Y, customer=Andrey Yudin}]]>
              </value>
            </param>
          </params>
          <reporter-output>
          </reporter-output>
        </test-method> <!-- openAccountTest -->
        <test-method status="PASS" signature="tearDown()[pri:0, instance:com.w2a.testcases.OpenAccountTest@31fa1761]" name="tearDown" is-config="true" duration-ms="1130" started-at="2018-09-02T22:38:46Z" finished-at="2018-09-02T22:38:47Z">
          <reporter-output>
          </reporter-output>
        </test-method> <!-- tearDown -->
      </class> <!-- com.w2a.testcases.OpenAccountTest -->
    </test> <!-- Open Account Test -->
  </suite> <!-- Data Driven Basics -->
</testng-results>
