<?xml version="1.0" encoding="UTF-8"?>
<testng-results skipped="1" failed="0" ignored="0" total="6" passed="5">
  <reporter-output>
    <line>
      <![CDATA[Login succesfully executed]]>
    </line>
  </reporter-output>
  <suite name="Data Driven Basics" duration-ms="21208" started-at="2018-07-29T22:45:49Z" finished-at="2018-07-29T22:46:10Z">
    <groups>
    </groups>
    <test name="Bank Manager Login Test" duration-ms="3739" started-at="2018-07-29T22:45:49Z" finished-at="2018-07-29T22:45:52Z">
      <class name="com.w2a.testcases.BankManagerLoginTest">
        <test-method status="PASS" signature="bankManagerLoginTest()[pri:0, instance:com.w2a.testcases.BankManagerLoginTest@53045c6c]" name="bankManagerLoginTest" duration-ms="3439" started-at="2018-07-29T22:45:49Z" finished-at="2018-07-29T22:45:52Z">
          <reporter-output>
            <line>
              <![CDATA[Login succesfully executed]]>
            </line>
          </reporter-output>
        </test-method> <!-- bankManagerLoginTest -->
      </class> <!-- com.w2a.testcases.BankManagerLoginTest -->
    </test> <!-- Bank Manager Login Test -->
    <test name="Add Customer Test" duration-ms="14241" started-at="2018-07-29T22:45:52Z" finished-at="2018-07-29T22:46:07Z">
      <class name="com.w2a.testcases.AddCustomerTest">
        <test-method status="PASS" signature="addCustomerTest(java.util.Hashtable)[pri:0, instance:com.w2a.testcases.AddCustomerTest@1a75e76a]" name="addCustomerTest" duration-ms="5093" started-at="2018-07-29T22:45:52Z" data-provider="dp" finished-at="2018-07-29T22:45:58Z">
          <params>
            <param index="0">
              <value>
                <![CDATA[{alerttext=Customer added successfully, postcode=shh6hsd, lastname=Yudin, runmode=Y, firstname=Andrey}]]>
              </value>
            </param>
          </params>
          <reporter-output>
          </reporter-output>
        </test-method> <!-- addCustomerTest -->
        <test-method status="PASS" signature="addCustomerTest(java.util.Hashtable)[pri:0, instance:com.w2a.testcases.AddCustomerTest@1a75e76a]" name="addCustomerTest" duration-ms="4493" started-at="2018-07-29T22:45:58Z" data-provider="dp" finished-at="2018-07-29T22:46:02Z">
          <params>
            <param index="0">
              <value>
                <![CDATA[{alerttext=Customer added successfully, postcode=shh6hsd, lastname=Smith, runmode=Y, firstname=Max}]]>
              </value>
            </param>
          </params>
          <reporter-output>
          </reporter-output>
        </test-method> <!-- addCustomerTest -->
        <test-method status="SKIP" signature="addCustomerTest(java.util.Hashtable)[pri:0, instance:com.w2a.testcases.AddCustomerTest@1a75e76a]" name="addCustomerTest" duration-ms="2" started-at="2018-07-29T22:46:02Z" data-provider="dp" finished-at="2018-07-29T22:46:02Z">
          <params>
            <param index="0">
              <value>
                <![CDATA[{alerttext=Customer added successfully, postcode=shh6hsd, lastname=Johnson, runmode=N, firstname=Fred}]]>
              </value>
            </param>
          </params>
          <exception class="org.testng.SkipException">
            <message>
              <![CDATA[Skipping the test case as the Run mode for data set is No]]>
            </message>
            <full-stacktrace>
              <![CDATA[org.testng.SkipException: Skipping the test case as the Run mode for data set is No
at com.w2a.testcases.AddCustomerTest.addCustomerTest(AddCustomerTest.java:22)
at sun.reflect.NativeMethodAccessorImpl.invoke0(Native Method)
at sun.reflect.NativeMethodAccessorImpl.invoke(NativeMethodAccessorImpl.java:62)
at sun.reflect.DelegatingMethodAccessorImpl.invoke(DelegatingMethodAccessorImpl.java:43)
at java.lang.reflect.Method.invoke(Method.java:498)
at org.testng.internal.MethodInvocationHelper.invokeMethod(MethodInvocationHelper.java:124)
at org.testng.internal.Invoker.invokeMethod(Invoker.java:583)
at org.testng.internal.Invoker.invokeTestMethod(Invoker.java:719)
at org.testng.internal.Invoker.invokeTestMethods(Invoker.java:989)
at org.testng.internal.TestMethodWorker.invokeTestMethods(TestMethodWorker.java:125)
at org.testng.internal.TestMethodWorker.run(TestMethodWorker.java:109)
at org.testng.TestRunner.privateRun(TestRunner.java:648)
at org.testng.TestRunner.run(TestRunner.java:505)
at org.testng.SuiteRunner.runTest(SuiteRunner.java:455)
at org.testng.SuiteRunner.runSequentially(SuiteRunner.java:450)
at org.testng.SuiteRunner.privateRun(SuiteRunner.java:415)
at org.testng.SuiteRunner.run(SuiteRunner.java:364)
at org.testng.SuiteRunnerWorker.runSuite(SuiteRunnerWorker.java:52)
at org.testng.SuiteRunnerWorker.run(SuiteRunnerWorker.java:84)
at org.testng.TestNG.runSuitesSequentially(TestNG.java:1208)
at org.testng.TestNG.runSuitesLocally(TestNG.java:1137)
at org.testng.TestNG.runSuites(TestNG.java:1049)
at org.testng.TestNG.run(TestNG.java:1017)
at org.testng.remote.AbstractRemoteTestNG.run(AbstractRemoteTestNG.java:114)
at org.testng.remote.RemoteTestNG.initAndRun(RemoteTestNG.java:251)
at org.testng.remote.RemoteTestNG.main(RemoteTestNG.java:77)
]]>
            </full-stacktrace>
          </exception> <!-- org.testng.SkipException -->
          <reporter-output>
          </reporter-output>
        </test-method> <!-- addCustomerTest -->
        <test-method status="PASS" signature="addCustomerTest(java.util.Hashtable)[pri:0, instance:com.w2a.testcases.AddCustomerTest@1a75e76a]" name="addCustomerTest" duration-ms="4408" started-at="2018-07-29T22:46:02Z" data-provider="dp" finished-at="2018-07-29T22:46:07Z">
          <params>
            <param index="0">
              <value>
                <![CDATA[{alerttext=Customer added successfully, postcode=shh6hsd, lastname=Blanche, runmode=Y, firstname=John}]]>
              </value>
            </param>
          </params>
          <reporter-output>
          </reporter-output>
        </test-method> <!-- addCustomerTest -->
      </class> <!-- com.w2a.testcases.AddCustomerTest -->
    </test> <!-- Add Customer Test -->
    <test name="Open Account Test" duration-ms="3194" started-at="2018-07-29T22:46:07Z" finished-at="2018-07-29T22:46:10Z">
      <class name="com.w2a.testcases.OpenAccountTest">
        <test-method status="PASS" signature="setUp()[pri:0, instance:com.w2a.testcases.OpenAccountTest@6fa51cd4]" name="setUp" is-config="true" duration-ms="6466" started-at="2018-07-29T22:45:42Z" finished-at="2018-07-29T22:45:49Z">
          <reporter-output>
          </reporter-output>
        </test-method> <!-- setUp -->
        <test-method status="PASS" signature="openAccountTest(java.util.Hashtable)[pri:0, instance:com.w2a.testcases.OpenAccountTest@6fa51cd4]" name="openAccountTest" duration-ms="3134" started-at="2018-07-29T22:46:07Z" data-provider="dp" finished-at="2018-07-29T22:46:10Z">
          <params>
            <param index="0">
              <value>
                <![CDATA[{currency=Dollar, runmode=Y, customer=Andrey Yudin}]]>
              </value>
            </param>
          </params>
          <reporter-output>
          </reporter-output>
        </test-method> <!-- openAccountTest -->
        <test-method status="PASS" signature="tearDown()[pri:0, instance:com.w2a.testcases.OpenAccountTest@6fa51cd4]" name="tearDown" is-config="true" duration-ms="989" started-at="2018-07-29T22:46:10Z" finished-at="2018-07-29T22:46:11Z">
          <reporter-output>
          </reporter-output>
        </test-method> <!-- tearDown -->
      </class> <!-- com.w2a.testcases.OpenAccountTest -->
    </test> <!-- Open Account Test -->
  </suite> <!-- Data Driven Basics -->
</testng-results>
